Determining if the pthread_create exist failed with the following output:
Change Dir: /data_3/OCR_prject/LSTM训练方法/xxz/caffe-lstm-ocr/cmake-build-debug/CMakeFiles/CMakeTmp

Run Build Command:"/usr/bin/make" "cmTC_20dcf/fast"
/usr/bin/make -f CMakeFiles/cmTC_20dcf.dir/build.make CMakeFiles/cmTC_20dcf.dir/build
make[1]: Entering directory '/data_3/OCR_prject/LSTM训练方法/xxz/caffe-lstm-ocr/cmake-build-debug/CMakeFiles/CMakeTmp'
Building C object CMakeFiles/cmTC_20dcf.dir/CheckSymbolExists.c.o
/usr/bin/cc    -o CMakeFiles/cmTC_20dcf.dir/CheckSymbolExists.c.o   -c /data_3/OCR_prject/LSTM训练方法/xxz/caffe-lstm-ocr/cmake-build-debug/CMakeFiles/CMakeTmp/CheckSymbolExists.c
Linking C executable cmTC_20dcf
/home/zhangxiangxiang/3thirdparty/clion-2017.3.2/bin/cmake/bin/cmake -E cmake_link_script CMakeFiles/cmTC_20dcf.dir/link.txt --verbose=1
/usr/bin/cc      -rdynamic CMakeFiles/cmTC_20dcf.dir/CheckSymbolExists.c.o  -o cmTC_20dcf 
CMakeFiles/cmTC_20dcf.dir/CheckSymbolExists.c.o：在函数‘main’中：
CheckSymbolExists.c:(.text+0x16)：对‘pthread_create’未定义的引用
collect2: error: ld returned 1 exit status
CMakeFiles/cmTC_20dcf.dir/build.make:97: recipe for target 'cmTC_20dcf' failed
make[1]: *** [cmTC_20dcf] Error 1
make[1]: Leaving directory '/data_3/OCR_prject/LSTM训练方法/xxz/caffe-lstm-ocr/cmake-build-debug/CMakeFiles/CMakeTmp'
Makefile:126: recipe for target 'cmTC_20dcf/fast' failed
make: *** [cmTC_20dcf/fast] Error 2

File /data_3/OCR_prject/LSTM训练方法/xxz/caffe-lstm-ocr/cmake-build-debug/CMakeFiles/CMakeTmp/CheckSymbolExists.c:
/* */
#include <pthread.h>

int main(int argc, char** argv)
{
  (void)argv;
#ifndef pthread_create
  return ((int*)(&pthread_create))[argc];
#else
  (void)argc;
  return 0;
#endif
}

Determining if the function pthread_create exists in the pthreads failed with the following output:
Change Dir: /data_3/OCR_prject/LSTM训练方法/xxz/caffe-lstm-ocr/cmake-build-debug/CMakeFiles/CMakeTmp

Run Build Command:"/usr/bin/make" "cmTC_8adfd/fast"
/usr/bin/make -f CMakeFiles/cmTC_8adfd.dir/build.make CMakeFiles/cmTC_8adfd.dir/build
make[1]: Entering directory '/data_3/OCR_prject/LSTM训练方法/xxz/caffe-lstm-ocr/cmake-build-debug/CMakeFiles/CMakeTmp'
Building C object CMakeFiles/cmTC_8adfd.dir/CheckFunctionExists.c.o
/usr/bin/cc   -DCHECK_FUNCTION_EXISTS=pthread_create   -o CMakeFiles/cmTC_8adfd.dir/CheckFunctionExists.c.o   -c /home/zhangxiangxiang/3thirdparty/clion-2017.3.2/bin/cmake/share/cmake-3.9/Modules/CheckFunctionExists.c
Linking C executable cmTC_8adfd
/home/zhangxiangxiang/3thirdparty/clion-2017.3.2/bin/cmake/bin/cmake -E cmake_link_script CMakeFiles/cmTC_8adfd.dir/link.txt --verbose=1
/usr/bin/cc  -DCHECK_FUNCTION_EXISTS=pthread_create    -rdynamic CMakeFiles/cmTC_8adfd.dir/CheckFunctionExists.c.o  -o cmTC_8adfd -lpthreads 
/usr/bin/ld: 找不到 -lpthreads
collect2: error: ld returned 1 exit status
CMakeFiles/cmTC_8adfd.dir/build.make:97: recipe for target 'cmTC_8adfd' failed
make[1]: *** [cmTC_8adfd] Error 1
make[1]: Leaving directory '/data_3/OCR_prject/LSTM训练方法/xxz/caffe-lstm-ocr/cmake-build-debug/CMakeFiles/CMakeTmp'
Makefile:126: recipe for target 'cmTC_8adfd/fast' failed
make: *** [cmTC_8adfd/fast] Error 2


